La génération a démarré 04/10/2015 23:00:55.
     1>Projet "C:\Users\Clovis\Documents\developpement\c++\AcrossTheDungeon\AcrossTheDungeon.vcxproj" sur le nœud 2 (Build cible(s)).
     1>ClCompile:
         C:\Program Files (x86)\Microsoft Visual Studio 12.0\VC\bin\CL.exe /c /I"C:\Users\Clovis\Documents\developpement\c++\Includes\SFML-2.3.1\include" /ZI /nologo /W3 /WX- /sdl /Od /Oy- /D _MBCS /D _MBCS /D _CRT_SECURE_NO_WARNINGS /Gm /EHsc /RTC1 /MDd /GS /fp:precise /Zc:wchar_t /Zc:forScope /Fo"Debug-client\\" /Fd"Debug-client\vc120.pdb" /Gd /TP /analyze- /errorReport:prompt Server.cpp
         Server.cpp
     1>c:\users\clovis\documents\developpement\c++\acrossthedungeon\server.cpp(47): warning C4244: 'argument' : conversion de 'time_t' en 'unsigned int', perte possible de données
       Link:
         C:\Program Files (x86)\Microsoft Visual Studio 12.0\VC\bin\link.exe /ERRORREPORT:PROMPT /OUT:"C:\Users\Clovis\Documents\developpement\c++\AcrossTheDungeon\Debug-client\AcrossTheDungeon.exe" /INCREMENTAL /NOLOGO /LIBPATH:"C:\Users\Clovis\Documents\developpement\c++\Includes\SFML-2.3.1\lib" "sfml-network-d.lib" "sfml-graphics-d.lib" "sfml-window-d.lib" "sfml-system-d.lib" kernel32.lib user32.lib gdi32.lib winspool.lib comdlg32.lib advapi32.lib shell32.lib ole32.lib oleaut32.lib uuid.lib odbc32.lib odbccp32.lib kernel32.lib user32.lib gdi32.lib winspool.lib comdlg32.lib advapi32.lib shell32.lib ole32.lib oleaut32.lib uuid.lib odbc32.lib odbccp32.lib /MANIFEST /MANIFESTUAC:"level='asInvoker' uiAccess='false'" /manifest:embed /DEBUG /PDB:"C:\Users\Clovis\Documents\developpement\c++\AcrossTheDungeon\Debug-client\AcrossTheDungeon.pdb" /TLBID:1 /DYNAMICBASE /NXCOMPAT /IMPLIB:"C:\Users\Clovis\Documents\developpement\c++\AcrossTheDungeon\Debug-client\AcrossTheDungeon.lib" /MACHINE:X86 "Debug-client\Client.obj"
         "Debug-client\Dungeon.obj"
         "Debug-client\Entity.obj"
         "Debug-client\EntityLiving.obj"
         "Debug-client\main.obj"
         "Debug-client\Packet.obj"
         "Debug-client\Scene.obj"
         "Debug-client\SceneGame.obj"
         "Debug-client\Server.obj"
         AcrossTheDungeon.vcxproj -> C:\Users\Clovis\Documents\developpement\c++\AcrossTheDungeon\Debug-client\AcrossTheDungeon.exe
     1>Génération du projet "C:\Users\Clovis\Documents\developpement\c++\AcrossTheDungeon\AcrossTheDungeon.vcxproj" terminée (Build cible(s)).

La génération a réussi.

Temps écoulé 00:00:01.15
